<?xml version="1.0" encoding="UTF-8"?>
<!-- Generated by org.testng.reporters.JUnitReportReporter -->
<testsuite hostname="SRI-PC" name="leafground.Windowsconcept" tests="1" failures="0" timestamp="1 Jun 2021 04:17:17 GMT" time="20.053" errors="0">
  <testcase name="windows" time="20.053" classname="leafground.Windowsconcept"/>
</testsuite> <!-- leafground.Windowsconcept -->
