<?xml version="1.0" encoding="UTF-8"?>
<!-- Generated by org.testng.reporters.JUnitReportReporter -->
<testsuite hostname="SRI-PC" name="leafground.Selectable" tests="1" failures="0" timestamp="1 Jun 2021 03:42:06 GMT" time="62.520" errors="0">
  <testcase name="dragAndDropfu" time="62.520" classname="leafground.Selectable"/>
</testsuite> <!-- leafground.Selectable -->
