<?xml version="1.0" encoding="UTF-8"?>
<!-- Generated by org.testng.reporters.JUnitReportReporter -->
<testsuite hostname="SRI-PC" name="leafground.Dropconcept" tests="1" failures="0" timestamp="2 Jun 2021 03:56:05 GMT" time="17.719" errors="0">
  <testcase name="drop" time="17.719" classname="leafground.Dropconcept"/>
</testsuite> <!-- leafground.Dropconcept -->
