<?xml version="1.0" encoding="UTF-8"?>
<!-- Generated by org.testng.reporters.JUnitReportReporter -->
<testsuite hostname="SRI-PC" name="day1.ClassLocator" tests="1" failures="0" timestamp="23 May 2021 13:39:51 GMT" time="17.301" errors="0">
  <testcase name="salesforce" time="17.301" classname="day1.ClassLocator"/>
</testsuite> <!-- day1.ClassLocator -->
