<?xml version="1.0" encoding="UTF-8"?>
<!-- Generated by org.testng.reporters.JUnitReportReporter -->
<testsuite hostname="SRI-PC" name="day1.PartialLinkTextLocator" tests="1" failures="0" timestamp="23 May 2021 14:12:29 GMT" time="16.566" errors="0">
  <testcase name="salesforce" time="16.566" classname="day1.PartialLinkTextLocator"/>
</testsuite> <!-- day1.PartialLinkTextLocator -->
