<?xml version="1.0" encoding="UTF-8"?>
<!-- Generated by org.testng.reporters.JUnitReportReporter -->
<testsuite hostname="SRI-PC" name="day1.LinkTextLocator" tests="1" failures="0" timestamp="23 May 2021 14:09:39 GMT" time="18.050" errors="0">
  <testcase name="salesforce" time="18.050" classname="day1.LinkTextLocator"/>
</testsuite> <!-- day1.LinkTextLocator -->
