<?xml version="1.0" encoding="UTF-8"?>
<!-- Generated by org.testng.reporters.JUnitReportReporter -->
<testsuite hostname="SRI-PC" name="day1.ContainsXpathLocator" tests="1" failures="0" timestamp="23 May 2021 18:05:28 GMT" time="31.522" errors="0">
  <testcase name="browser" time="31.522" classname="day1.ContainsXpathLocator"/>
</testsuite> <!-- day1.ContainsXpathLocator -->
