<?xml version="1.0" encoding="UTF-8"?>
<!-- Generated by org.testng.reporters.JUnitReportReporter -->
<testsuite hostname="SRI-PC" name="leafground.Dropdown" tests="1" failures="0" timestamp="26 May 2021 12:13:51 GMT" time="52.620" errors="0">
  <testcase name="dropdown" time="52.620" classname="leafground.Dropdown"/>
</testsuite> <!-- leafground.Dropdown -->
