<?xml version="1.0" encoding="UTF-8"?>
<!-- Generated by org.testng.reporters.JUnitReportReporter -->
<testsuite hostname="SRI-PC" name="day1.XpathLocator" tests="1" failures="0" timestamp="25 May 2021 02:37:16 GMT" time="88.194" errors="0">
  <testcase name="salesforce" time="88.194" classname="day1.XpathLocator"/>
</testsuite> <!-- day1.XpathLocator -->
