<?xml version="1.0" encoding="UTF-8"?>
<!-- Generated by org.testng.reporters.JUnitReportReporter -->
<testsuite hostname="SRI-PC" name="demoqa.ElementsTextBox" tests="1" failures="0" timestamp="14 Jun 2021 04:45:19 GMT" time="72.067" errors="0">
  <testcase name="textbox" time="72.067" classname="demoqa.ElementsTextBox"/>
</testsuite> <!-- demoqa.ElementsTextBox -->
