<?xml version="1.0" encoding="UTF-8"?>
<!-- Generated by org.testng.reporters.JUnitReportReporter -->
<testsuite hostname="SRI-PC" name="day1.StartswithXpathLocator" tests="1" failures="0" timestamp="23 May 2021 17:22:47 GMT" time="15.455" errors="0">
  <testcase name="salesforce" time="15.455" classname="day1.StartswithXpathLocator"/>
</testsuite> <!-- day1.StartswithXpathLocator -->
