<?xml version="1.0" encoding="UTF-8"?>
<!-- Generated by org.testng.reporters.JUnitReportReporter -->
<testsuite hostname="SRI-PC" name="day1.TimeOut" tests="6" failures="0" timestamp="13 May 2021 13:58:25 GMT" time="14.625" errors="0">
  <testcase name="entertransaction" time="5.504" classname="day1.TimeOut"/>
  <testcase name="enterpassword" time="4.044" classname="day1.TimeOut"/>
  <testcase name="enterusername" time="4.002" classname="day1.TimeOut"/>
  <testcase name="login" time="0.066" classname="day1.TimeOut"/>
  <testcase name="logout" time="1.002" classname="day1.TimeOut"/>
  <testcase name="transactionsuccessful" time="0.007" classname="day1.TimeOut"/>
</testsuite> <!-- day1.TimeOut -->
