<?xml version="1.0" encoding="UTF-8"?>
<!-- Generated by org.testng.reporters.JUnitReportReporter -->
<testsuite hostname="SRI-PC" name="day1.InvocationCount" tests="12" failures="0" timestamp="23 May 2021 17:13:52 GMT" time="0.062" errors="0">
  <testcase name="login" time="0.000" classname="day1.InvocationCount"/>
  <testcase name="entertransaction" time="0.000" classname="day1.InvocationCount"/>
  <testcase name="enterusername" time="0.000" classname="day1.InvocationCount"/>
  <testcase name="logout" time="0.000" classname="day1.InvocationCount"/>
  <testcase name="enterpassword" time="0.016" classname="day1.InvocationCount"/>
  <testcase name="enterpassword" time="0.031" classname="day1.InvocationCount"/>
  <testcase name="logout" time="0.000" classname="day1.InvocationCount"/>
  <testcase name="transactionsuccessful" time="0.000" classname="day1.InvocationCount"/>
  <testcase name="entertransaction" time="0.015" classname="day1.InvocationCount"/>
  <testcase name="login" time="0.000" classname="day1.InvocationCount"/>
  <testcase name="transactionsuccessful" time="0.000" classname="day1.InvocationCount"/>
  <testcase name="enterusername" time="0.000" classname="day1.InvocationCount"/>
</testsuite> <!-- day1.InvocationCount -->
