<?xml version="1.0" encoding="UTF-8"?>
<!-- Generated by org.testng.reporters.JUnitReportReporter -->
<testsuite hostname="SRI-PC" name="leafground.Button" tests="1" failures="0" timestamp="27 May 2021 12:09:35 GMT" time="32.600" errors="0">
  <testcase name="button" time="32.600" classname="leafground.Button"/>
</testsuite> <!-- leafground.Button -->
