<?xml version="1.0" encoding="UTF-8"?>
<!-- Generated by org.testng.reporters.JUnitReportReporter -->
<testsuite hostname="SRI-PC" name="leafground.Windows" tests="1" failures="0" timestamp="31 May 2021 03:36:05 GMT" time="64.280" errors="0">
  <testcase name="windows" time="64.280" classname="leafground.Windows"/>
</testsuite> <!-- leafground.Windows -->
