<?xml version="1.0" encoding="UTF-8"?>
<!-- Generated by org.testng.reporters.JUnitReportReporter -->
<testsuite hostname="SRI-PC" name="day1.Task1" tests="1" failures="0" timestamp="12 May 2021 04:28:35 GMT" time="0.045" errors="0">
  <testcase name="method1" time="0.045" classname="day1.Task1"/>
</testsuite> <!-- day1.Task1 -->
