<?xml version="1.0" encoding="UTF-8"?>
<!-- Generated by org.testng.reporters.JUnitReportReporter -->
<testsuite hostname="SRI-PC" name="day1.Launchingbrowser" tests="1" failures="0" timestamp="22 May 2021 16:01:00 GMT" time="22.926" errors="0">
  <testcase name="browser" time="22.926" classname="day1.Launchingbrowser"/>
</testsuite> <!-- day1.Launchingbrowser -->
