<?xml version="1.0" encoding="UTF-8"?>
<!-- Generated by org.testng.reporters.JUnitReportReporter -->
<testsuite hostname="SRI-PC" name="leafground.Alert" tests="1" failures="0" timestamp="14 Jun 2021 03:33:01 GMT" time="31.225" errors="0">
  <testcase name="alert" time="31.225" classname="leafground.Alert"/>
</testsuite> <!-- leafground.Alert -->
