<?xml version="1.0" encoding="UTF-8"?>
<!-- Generated by org.testng.reporters.JUnitReportReporter -->
<testsuite hostname="SRI-PC" name="leafground.Tooltip" tests="1" failures="0" timestamp="7 Jun 2021 03:43:07 GMT" time="16.243" errors="0">
  <testcase name="tooltip" time="16.243" classname="leafground.Tooltip"/>
</testsuite> <!-- leafground.Tooltip -->
