<?xml version="1.0" encoding="UTF-8"?>
<!-- Generated by org.testng.reporters.JUnitReportReporter -->
<testsuite hostname="SRI-PC" name="day1.DependsOnMethods" tests="6" failures="0" timestamp="13 May 2021 10:45:44 GMT" time="0.041" errors="0">
  <testcase name="logout" time="0.002" classname="day1.DependsOnMethods"/>
  <testcase name="login" time="0.004" classname="day1.DependsOnMethods"/>
  <testcase name="enterpassword" time="0.004" classname="day1.DependsOnMethods"/>
  <testcase name="transactionsuccessful" time="0.003" classname="day1.DependsOnMethods"/>
  <testcase name="enterusername" time="0.026" classname="day1.DependsOnMethods"/>
  <testcase name="entertransaction" time="0.002" classname="day1.DependsOnMethods"/>
</testsuite> <!-- day1.DependsOnMethods -->
