<?xml version="1.0" encoding="UTF-8"?>
<!-- Generated by org.testng.reporters.JUnitReportReporter -->
<testsuite hostname="SRI-PC" name="leafground.Selectableconcept" tests="1" failures="0" timestamp="2 Jun 2021 04:20:39 GMT" time="28.365" errors="0">
  <testcase name="select" time="28.365" classname="leafground.Selectableconcept"/>
</testsuite> <!-- leafground.Selectableconcept -->
