<?xml version="1.0" encoding="UTF-8"?>
<!-- Generated by org.testng.reporters.JUnitReportReporter -->
<testsuite hostname="SRI-PC" name="leafground.Frames" tests="1" failures="0" timestamp="31 May 2021 18:18:04 GMT" time="16.429" errors="0">
  <testcase name="framework" time="16.429" classname="leafground.Frames"/>
</testsuite> <!-- leafground.Frames -->
