<?xml version="1.0" encoding="UTF-8"?>
<!-- Generated by org.testng.reporters.JUnitReportReporter -->
<testsuite hostname="SRI-PC" name="leafground.Sortable" tests="1" failures="0" timestamp="7 Jun 2021 04:14:59 GMT" time="22.590" errors="0">
  <testcase name="sort" time="22.590" classname="leafground.Sortable"/>
</testsuite> <!-- leafground.Sortable -->
