<?xml version="1.0" encoding="UTF-8"?>
<!-- Generated by org.testng.reporters.JUnitReportReporter -->
<testsuite hostname="SRI-PC" name="day1.NameLocator" tests="1" failures="0" timestamp="23 May 2021 13:28:15 GMT" time="15.869" errors="0">
  <testcase name="salesforce" time="15.869" classname="day1.NameLocator"/>
</testsuite> <!-- day1.NameLocator -->
