<?xml version="1.0" encoding="UTF-8"?>
<!-- Generated by org.testng.reporters.JUnitReportReporter -->
<testsuite hostname="SRI-PC" name="leafground.Edit" tests="1" failures="0" timestamp="27 May 2021 11:28:08 GMT" time="28.432" errors="0">
  <testcase name="edit" time="28.432" classname="leafground.Edit"/>
</testsuite> <!-- leafground.Edit -->
